<?xml version="1.0" encoding="UTF-8"?>
<testsuite name="com.mehmet.efendi.controller.ControllerTest" time="0.555" tests="3" errors="0" skipped="0" failures="0">
  <properties>
[...]
</properties>
  <testcase name="blendDtoListTets" classname="com.mehmet.efendi.controller.ControllerTest" time="0.388"/>
  <testcase name="orderTets" classname="com.mehmet.efendi.controller.ControllerTest" time="0.108"/>
  <testcase name="beverageDtoListTets" classname="com.mehmet.efendi.controller.ControllerTest" time="0.059"/>
</testsuite>